[handleMsg]:  {
  key: {
    remoteJid: '573197522994@s.whatsapp.net',
    fromMe: false,
    id: '3245C26D90744C49F9BDC2340EBB4AF1',
    participant: undefined
  },
  messageTimestamp: 1729808219,
  pushName: 'Dairo Manosalva',
  broadcast: false,
  message: Message {
    conversation: 'Menu',
    messageContextInfo: MessageContextInfo {
      deviceListMetadata: [DeviceListMetadata],
      deviceListMetadataVersion: 2,
      messageSecret: [Uint8Array]
    }
  },
  body: 'Menu',
  from: '573197522994'
}
[QUEUE_SE_ENVIO]:  {
  ref: 'ans_843a40db-5f4c-4519-81f9-691a76d0ef7d',
  keyword: 'key_52fbdf63-0a4a-44df-bacd-eb16b61a0fe7',
  answer: 'Elige alguna de estas opciones:\r\n' +
    '\r\n' +
    'Opcion 1 - Menu\r\n' +
    'Opcion 2 - Reservar mesa\r\n' +
    'Opcion 3 - Consultas\r\n' +
    '\r\n' +
    'Opcion 0 - Salir',
  options: {
    media: null,
    buttons: [],
    capture: true,
    child: null,
    delay: 0,
    idle: null,
    ref: null,
    nested: [],
    keyword: {},
    callback: true
  },
  refSerialize: '2df640ef4225ddc2635e3c663841eafb'
}
[handleMsg]:  {
  key: {
    remoteJid: '573197522994@s.whatsapp.net',
    fromMe: false,
    id: '2283059D1CC4D99119581B646291E56F',
    participant: undefined
  },
  messageTimestamp: 1729808222,
  pushName: 'Dairo Manosalva',
  broadcast: false,
  message: Message {
    conversation: '3',
    messageContextInfo: MessageContextInfo {
      deviceListMetadata: [DeviceListMetadata],
      deviceListMetadataVersion: 2,
      messageSecret: [Uint8Array]
    }
  },
  body: '3',
  from: '573197522994'
}
[handleMsg]:  {
  key: {
    remoteJid: '573197522994@s.whatsapp.net',
    fromMe: false,
    id: 'F32CCC74B0081E1CD56939DF8046F677',
    participant: undefined
  },
  messageTimestamp: 1729808233,
  pushName: 'Dairo Manosalva',
  broadcast: false,
  message: Message {
    conversation: 'Precio',
    messageContextInfo: MessageContextInfo {
      deviceListMetadata: [DeviceListMetadata],
      deviceListMetadataVersion: 2,
      messageSecret: [Uint8Array]
    }
  },
  body: 'Precio',
  from: '573197522994'
}
